<?xml version="1.0" encoding="UTF-8"?>
<!-- Generated by org.testng.reporters.JUnitReportReporter -->
<testsuite hostname="LAPTOP-MT20NG76" failures="0" tests="3" name="testngg.TestFrames" time="7.254" errors="0" timestamp="2022-11-25T16:29:39 IST" skipped="0">
  <testcase classname="testngg.TestFrames" name="TestLaunchFrames" time="1.998"/>
  <system-out/>
  <testcase classname="testngg.TestFrames" name="TestFramesInPage" time="0.051"/>
  <system-out/>
  <testcase classname="testngg.TestFrames" name="TestFrameNavigation" time="5.205"/>
  <system-out/>
</testsuite> <!-- testngg.TestFrames -->
